I181113 03:06:34.406863 1 util/log/clog.go:1134  [config] file created at: 2018/11/13 03:06:34
I181113 03:06:34.406863 1 util/log/clog.go:1134  [config] running on machine: bmngld
I181113 03:06:34.406863 1 util/log/clog.go:1134  [config] binary: CockroachDB CCL v2.0.5 (x86_64-apple-darwin15.6.0, built 2018/08/13 20:48:49, go1.10.3)
I181113 03:06:34.406863 1 util/log/clog.go:1134  [config] arguments: [cockroach start --insecure --http-host=localhost]
I181113 03:06:34.406863 1 util/log/clog.go:1134  line format: [IWEF]yymmdd hh:mm:ss.uuuuuu goid file:line msg utf8=✓
W181113 03:06:34.406860 1 cli/start.go:909  RUNNING IN INSECURE MODE!

- Your cluster is open for any client that can access <all your IP addresses>.
- Any user, even root, can log in without providing a password.
- Any user, connecting as root, can read or write any data in your cluster.
- There is no network encryption nor authentication, and thus no confidentiality.

Check out how to secure your cluster: https://www.cockroachlabs.com/docs/v2.0/secure-a-cluster.html
W181113 03:06:34.407256 1 cli/start.go:812  Using the default setting for --cache (128 MiB).
  A significantly larger value is usually needed for good performance.
  If you have a dedicated server a reasonable setting is --cache=.25 (4.0 GiB).
W181113 03:06:34.407284 1 cli/start.go:825  Using the default setting for --max-sql-memory (128 MiB).
  A significantly larger value is usually needed in production.
  If you have a dedicated server a reasonable setting is --max-sql-memory=.25 (4.0 GiB).
I181113 03:06:34.407292 1 cli/start.go:923  CockroachDB CCL v2.0.5 (x86_64-apple-darwin15.6.0, built 2018/08/13 20:48:49, go1.10.3)
I181113 03:06:34.511821 1 server/config.go:430  system total memory: 16 GiB
I181113 03:06:34.511889 1 server/config.go:432  server configuration:
max offset             500000000
cache size             128 MiB
SQL memory pool size   128 MiB
scan interval          10m0s
scan max idle time     200ms
event log enabled      true
I181113 03:06:34.511915 1 cli/start.go:796  process identity: uid 501 euid 501 gid 20 egid 20
I181113 03:06:34.511929 1 cli/start.go:461  starting cockroach node
I181113 03:06:34.512792 39 storage/engine/rocksdb.go:553  opening rocksdb instance at "/Users/benjaminmangold/HackReactor/sb-Booking/cockroach-data/cockroach-temp909911205"
I181113 03:06:34.520287 39 server/server.go:734  [n?] monitoring forward clock jumps based on server.clock.forward_jump_check_enabled
W181113 03:06:34.548127 39 server/config_unix.go:92  soft open file descriptor limit 10240 is under the recommended limit 15000; this may decrease performance
please see https://www.cockroachlabs.com/docs/v2.0/recommended-production-settings.html for more details
I181113 03:06:34.548163 39 storage/engine/rocksdb.go:553  opening rocksdb instance at "/Users/benjaminmangold/HackReactor/sb-Booking/cockroach-data"
I181113 03:06:34.608044 39 server/config.go:538  [n?] 1 storage engine initialized
I181113 03:06:34.608055 39 server/config.go:541  [n?] RocksDB cache size: 128 MiB
I181113 03:06:34.608061 39 server/config.go:541  [n?] store 0: RocksDB, max size 0 B, max open file limit 9984
I181113 03:06:34.608829 39 server/server.go:784  [n?] Sleeping till wall time 1542078394608802995 to catches up to 1542078395020247757 to ensure monotonicity. Delta: 411.444762ms
W181113 03:06:35.031937 184 storage/replica_range_lease.go:463  can't determine lease status due to node liveness error: node not in the liveness table
W181113 03:06:35.031983 184 storage/store.go:1463  [n1,s1,r7/1:/Table/{SystemCon…-11}] could not gossip system config: [NotLeaseHolderError] r7: replica (n1,s1):1 not lease holder; lease holder unknown
I181113 03:06:35.032391 39 storage/store.go:1371  [n1,s1] [n1,s1]: failed initial metrics computation: [n1,s1]: system config not yet available
I181113 03:06:35.032754 39 server/node.go:509  [n1] initialized store [n1,s1]: disk (capacity=465 GiB, available=27 GiB, used=252 KiB, logicalBytes=1.8 MiB), ranges=20, leases=0, writes=0.00, bytesPerReplica={p10=0.00 p25=0.00 p50=82.00 p75=3357.00 p90=31690.00 pMax=1835914.00}, writesPerReplica={p10=0.00 p25=0.00 p50=0.00 p75=0.00 p90=0.00 pMax=0.00}
I181113 03:06:35.032798 39 server/node.go:347  [n1] node ID 1 initialized
I181113 03:06:35.032964 39 gossip/gossip.go:333  [n1] NodeDescriptor set to node_id:1 address:<network_field:"tcp" address_field:"bmngld.T-mobile.com:26257" > attrs:<> locality:<> ServerVersion:<major_val:2 minor_val:0 patch:0 unstable:0 > 
I181113 03:06:35.033108 39 storage/stores.go:331  [n1] read 0 node addresses from persistent storage
I181113 03:06:35.033246 39 server/node.go:659  [n1] connecting to gossip network to verify cluster ID...
I181113 03:06:35.033264 39 server/node.go:684  [n1] node connected via gossip and verified as part of cluster "9df2cca6-b053-41cb-bd5b-516f4ac9abb6"
I181113 03:06:35.033286 39 server/node.go:443  [n1] node=1: started with [<no-attributes>=/Users/benjaminmangold/HackReactor/sb-Booking/cockroach-data] engine(s) and attributes []
I181113 03:06:35.033398 39 server/server.go:1430  [n1] starting http server at localhost:8080
I181113 03:06:35.033416 39 server/server.go:1431  [n1] starting grpc/postgres server at bmngld.T-mobile.com:26257
I181113 03:06:35.033432 39 server/server.go:1432  [n1] advertising CockroachDB node at bmngld.T-mobile.com:26257
I181113 03:06:35.034814 144 storage/replica_proposal.go:201  [n1,s1,r4/1:/System/{NodeLive…-tsd}] new range lease repl=(n1,s1):1 seq=6 start=1542078395.029553624,0 epo=2 pro=1542078395.034375151,0 following repl=(n1,s1):1 seq=5 start=1542078155.832019767,0 epo=2 pro=1542078155.838375514,0
I181113 03:06:35.036509 145 storage/replica_proposal.go:201  [n1,s1,r4/1:/System/{NodeLive…-tsd}] new range lease repl=(n1,s1):1 seq=7 start=1542078395.029553624,0 epo=3 pro=1542078395.035032617,0 following repl=(n1,s1):1 seq=6 start=1542078395.029553624,0 epo=2 pro=1542078395.034375151,0
I181113 03:06:35.036877 39 server/server.go:1512  [n1] done ensuring all necessary migrations have run
I181113 03:06:35.036889 39 server/server.go:1515  [n1] serving sql connections
I181113 03:06:35.036954 39 cli/start.go:595  [config] clusterID: 9df2cca6-b053-41cb-bd5b-516f4ac9abb6
I181113 03:06:35.036970 39 cli/start.go:603  node startup completed:
CockroachDB node starting at 2018-11-13 03:06:35.036909109 +0000 UTC (took 0.6s)
build:               CCL v2.0.5 @ 2018/08/13 20:48:49 (go1.10.3)
admin:               http://localhost:8080
sql:                 postgresql://root@bmngld.T-mobile.com:26257?sslmode=disable
logs:                /Users/benjaminmangold/HackReactor/sb-Booking/cockroach-data/logs
temp dir:            /Users/benjaminmangold/HackReactor/sb-Booking/cockroach-data/cockroach-temp909911205
external I/O path:   /Users/benjaminmangold/HackReactor/sb-Booking/cockroach-data/extern
store[0]:            path=/Users/benjaminmangold/HackReactor/sb-Booking/cockroach-data
status:              restarted pre-existing node
clusterID:           9df2cca6-b053-41cb-bd5b-516f4ac9abb6
nodeID:              1
I181113 03:06:35.037770 118 storage/replica_proposal.go:201  [n1,s1,r5/1:/System/ts{d-e}] new range lease repl=(n1,s1):1 seq=5 start=1542078395.029731974,0 epo=3 pro=1542078395.036548851,0 following repl=(n1,s1):1 seq=4 start=1542078155.832263227,0 epo=2 pro=1542078155.839194412,0
I181113 03:06:35.038780 119 storage/replica_proposal.go:201  [n1,s1,r7/1:/Table/{SystemCon…-11}] new range lease repl=(n1,s1):1 seq=5 start=1542078395.029994000,0 epo=3 pro=1542078395.037656846,0 following repl=(n1,s1):1 seq=4 start=1542078155.832619613,0 epo=2 pro=1542078155.840463235,0
I181113 03:06:35.041373 149 storage/replica_proposal.go:201  [n1,s1,r9/1:/Table/1{2-3}] new range lease repl=(n1,s1):1 seq=5 start=1542078395.030262402,0 epo=3 pro=1542078395.040500599,0 following repl=(n1,s1):1 seq=4 start=1542078155.832956945,0 epo=2 pro=1542078155.843087236,0
I181113 03:06:35.042464 249 sql/event_log.go:121  [n1] Event: "node_restart", target: 1, info: {Descriptor:{NodeID:1 Address:{NetworkField:tcp AddressField:bmngld.T-mobile.com:26257} Attrs: Locality: ServerVersion:2.0} ClusterID:9df2cca6-b053-41cb-bd5b-516f4ac9abb6 StartedAt:1542078395033266238 LastUp:1542078389822429965}
I181113 03:06:35.236046 129 storage/replica_proposal.go:201  [n1,s1,r15/1:/Table/1{8-9}] new range lease repl=(n1,s1):1 seq=5 start=1542078395.031027820,0 epo=3 pro=1542078395.234300489,0 following repl=(n1,s1):1 seq=4 start=1542078155.833884699,0 epo=2 pro=1542078158.074764148,0
I181113 03:06:35.439308 136 storage/replica_proposal.go:201  [n1,s1,r16/1:/Table/{19-20}] new range lease repl=(n1,s1):1 seq=5 start=1542078395.031157345,0 epo=3 pro=1542078395.438212728,0 following repl=(n1,s1):1 seq=4 start=1542078155.834033481,0 epo=2 pro=1542078156.040461539,0
I181113 03:06:36.048616 125 storage/replica_proposal.go:201  [n1,s1,r6/1:/{System/tse-Table/System…}] new range lease repl=(n1,s1):1 seq=5 start=1542078395.029867843,0 epo=3 pro=1542078396.046903060,0 following repl=(n1,s1):1 seq=4 start=1542078155.832453069,0 epo=2 pro=1542078159.300229239,0
I181113 03:06:36.457684 173 storage/replica_proposal.go:201  [n1,s1,r18/1:/Table/2{1-2}] new range lease repl=(n1,s1):1 seq=5 start=1542078395.031412105,0 epo=3 pro=1542078396.455367175,0 following repl=(n1,s1):1 seq=4 start=1542078155.834336730,0 epo=2 pro=1542078158.480664484,0
I181113 03:06:36.662796 172 storage/replica_proposal.go:201  [n1,s1,r19/1:/Table/2{2-3}] new range lease repl=(n1,s1):1 seq=5 start=1542078395.031539617,0 epo=3 pro=1542078396.660565189,0 following repl=(n1,s1):1 seq=4 start=1542078155.834487156,0 epo=2 pro=1542078159.908789543,0
I181113 03:06:36.864455 154 storage/replica_proposal.go:201  [n1,s1,r12/1:/Table/1{5-6}] new range lease repl=(n1,s1):1 seq=5 start=1542078395.030631011,0 epo=3 pro=1542078396.862217387,0 following repl=(n1,s1):1 seq=4 start=1542078155.833428091,0 epo=2 pro=1542078157.460108229,0
I181113 03:06:37.067549 160 storage/replica_proposal.go:201  [n1,s1,r11/1:/Table/1{4-5}] new range lease repl=(n1,s1):1 seq=5 start=1542078395.030507608,0 epo=3 pro=1542078397.065323065,0 following repl=(n1,s1):1 seq=4 start=1542078155.833280186,0 epo=2 pro=1542078159.095809191,0
I181113 03:06:37.270959 162 storage/replica_proposal.go:201  [n1,s1,r13/1:/Table/1{6-7}] new range lease repl=(n1,s1):1 seq=5 start=1542078395.030767436,0 epo=3 pro=1542078397.269224725,0 following repl=(n1,s1):1 seq=4 start=1542078155.833586821,0 epo=2 pro=1542078159.706061708,0
I181113 03:06:37.678189 165 storage/replica_proposal.go:201  [n1,s1,r14/1:/Table/1{7-8}] new range lease repl=(n1,s1):1 seq=5 start=1542078395.030898784,0 epo=3 pro=1542078397.675962017,0 following repl=(n1,s1):1 seq=4 start=1542078155.833737758,0 epo=2 pro=1542078158.891428383,0
I181113 03:06:37.882367 168 storage/replica_proposal.go:201  [n1,s1,r17/1:/Table/2{0-1}] new range lease repl=(n1,s1):1 seq=5 start=1542078395.031286127,0 epo=3 pro=1542078397.879999498,0 following repl=(n1,s1):1 seq=4 start=1542078155.834184128,0 epo=2 pro=1542078159.502160651,0
I181113 03:06:38.289677 133 storage/replica_proposal.go:201  [n1,s1,r20/1:/{Table/23-Max}] new range lease repl=(n1,s1):1 seq=5 start=1542078395.031668009,0 epo=3 pro=1542078398.287357912,0 following repl=(n1,s1):1 seq=4 start=1542078155.834634057,0 epo=2 pro=1542078158.686270639,0
I181113 03:06:38.695572 145 storage/replica_proposal.go:201  [n1,s1,r8/1:/Table/1{1-2}] new range lease repl=(n1,s1):1 seq=5 start=1542078395.030138396,0 epo=3 pro=1542078398.692491006,0 following repl=(n1,s1):1 seq=4 start=1542078155.832789814,0 epo=2 pro=1542078157.663415692,0
I181113 03:06:38.899454 147 storage/replica_proposal.go:201  [n1,s1,r10/1:/Table/1{3-4}] new range lease repl=(n1,s1):1 seq=5 start=1542078395.030386245,0 epo=3 pro=1542078398.897763822,0 following repl=(n1,s1):1 seq=4 start=1542078155.833129357,0 epo=2 pro=1542078158.275349349,0
W181113 03:06:45.036379 200 server/status/runtime.go:182  [n1] unable to get file descriptor usage (will not try again): not implemented on darwin
I181113 03:06:45.036620 200 server/status/runtime.go:219  [n1] runtime stats: 50 MiB RSS, 147 goroutines, 75 MiB/4.1 MiB/91 MiB GO alloc/idle/total, 15 MiB/20 MiB CGO alloc/total, 0.00cgo/sec, 0.00/0.00 %(u/s)time, 0.00 %gc (8x)
I181113 03:06:45.037182 196 storage/store.go:4523  [n1,s1] sstables (read amplification = 1):
6 [ 177K 1 ]: 177K
I181113 03:06:45.037381 196 storage/store.go:4524  [n1,s1] 
** Compaction Stats [default] **
Level    Files   Size     Score Read(GB)  Rn(GB) Rnp1(GB) Write(GB) Wnew(GB) Moved(GB) W-Amp Rd(MB/s) Wr(MB/s) Comp(sec) Comp(cnt) Avg(sec) KeyIn KeyDrop
----------------------------------------------------------------------------------------------------------------------------------------------------------
  L0      0/0    0.00 KB   0.0      0.0     0.0      0.0       0.0      0.0       0.0   1.0      0.0      1.5         0         1    0.042       0      0
  L6      1/0   177.46 KB   0.0      0.0     0.0      0.0       0.0      0.0       0.0   0.8     17.0     14.2         0         1    0.012    2485    614
 Sum      1/0   177.46 KB   0.0      0.0     0.0      0.0       0.0      0.0       0.0   3.8      3.8      4.4         0         2    0.027    2485    614
 Int      0/0    0.00 KB   0.0      0.0     0.0      0.0       0.0      0.0       0.0   3.8      3.8      4.4         0         2    0.027    2485    614
Uptime(secs): 10.5 total, 10.5 interval
Flush(GB): cumulative 0.000, interval 0.000
AddFile(GB): cumulative 0.000, interval 0.000
AddFile(Total Files): cumulative 0, interval 0
AddFile(L0 Files): cumulative 0, interval 0
AddFile(Keys): cumulative 0, interval 0
Cumulative compaction: 0.00 GB write, 0.02 MB/s write, 0.00 GB read, 0.02 MB/s read, 0.1 seconds
Interval compaction: 0.00 GB write, 0.02 MB/s write, 0.00 GB read, 0.02 MB/s read, 0.1 seconds
Stalls(count): 0 level0_slowdown, 0 level0_slowdown_with_compaction, 0 level0_numfiles, 0 level0_numfiles_with_compaction, 0 stop for pending_compaction_bytes, 0 slowdown for pending_compaction_bytes, 0 memtable_compaction, 0 memtable_slowdown, interval 0 total count

estimated_pending_compaction_bytes: 0 B
I181113 03:06:55.033814 200 server/status/runtime.go:219  [n1] runtime stats: 53 MiB RSS, 147 goroutines, 80 MiB/440 KiB/93 MiB GO alloc/idle/total, 15 MiB/20 MiB CGO alloc/total, 64.42cgo/sec, 0.01/0.00 %(u/s)time, 0.00 %gc (0x)
I181113 03:07:05.034951 200 server/status/runtime.go:219  [n1] runtime stats: 59 MiB RSS, 149 goroutines, 86 MiB/992 KiB/99 MiB GO alloc/idle/total, 15 MiB/20 MiB CGO alloc/total, 53.79cgo/sec, 0.01/0.00 %(u/s)time, 0.00 %gc (0x)
I181113 03:07:15.031263 200 server/status/runtime.go:219  [n1] runtime stats: 65 MiB RSS, 147 goroutines, 92 MiB/696 KiB/104 MiB GO alloc/idle/total, 15 MiB/21 MiB CGO alloc/total, 62.12cgo/sec, 0.00/0.00 %(u/s)time, 0.00 %gc (0x)
I181113 03:07:25.034598 200 server/status/runtime.go:219  [n1] runtime stats: 69 MiB RSS, 147 goroutines, 97 MiB/80 KiB/109 MiB GO alloc/idle/total, 16 MiB/21 MiB CGO alloc/total, 56.88cgo/sec, 0.00/0.00 %(u/s)time, 0.00 %gc (0x)
I181113 03:07:35.032370 197 gossip/gossip.go:488  [n1] gossip status (ok, 1 node)
gossip client (0/3 cur/max conns)
gossip server (0/3 cur/max conns, infos 0/0 sent/received, bytes 0B/0B sent/received)
I181113 03:07:35.032480 200 server/status/runtime.go:219  [n1] runtime stats: 73 MiB RSS, 147 goroutines, 102 MiB/552 KiB/115 MiB GO alloc/idle/total, 15 MiB/21 MiB CGO alloc/total, 58.81cgo/sec, 0.00/0.00 %(u/s)time, 0.00 %gc (0x)
I181113 03:07:39.914016 1 cli/start.go:655  received signal 'interrupt'
I181113 03:07:39.914247 1 cli/start.go:720  initiating graceful shutdown of server
I181113 03:07:44.919502 402 cli/start.go:730  0 running tasks
I181113 03:07:44.919973 257 storage/engine/rocksdb.go:687  closing rocksdb instance at "/Users/benjaminmangold/HackReactor/sb-Booking/cockroach-data/cockroach-temp909911205"
I181113 03:07:44.921698 257 storage/engine/rocksdb.go:687  closing rocksdb instance at "/Users/benjaminmangold/HackReactor/sb-Booking/cockroach-data"
I181113 03:07:44.922494 1 cli/start.go:774  server drained and shutdown completed
I181113 03:07:44.922762 1 cli/error.go:112  interrupted
Error: interrupted
