I181113 03:02:35.204898 1 util/log/clog.go:1134  [config] file created at: 2018/11/13 03:02:35
I181113 03:02:35.204898 1 util/log/clog.go:1134  [config] running on machine: bmngld
I181113 03:02:35.204898 1 util/log/clog.go:1134  [config] binary: CockroachDB CCL v2.0.5 (x86_64-apple-darwin15.6.0, built 2018/08/13 20:48:49, go1.10.3)
I181113 03:02:35.204898 1 util/log/clog.go:1134  [config] arguments: [cockroach start --insecure --http-host=localhost]
I181113 03:02:35.204898 1 util/log/clog.go:1134  line format: [IWEF]yymmdd hh:mm:ss.uuuuuu goid file:line msg utf8=✓
W181113 03:02:35.204894 1 cli/start.go:909  RUNNING IN INSECURE MODE!

- Your cluster is open for any client that can access <all your IP addresses>.
- Any user, even root, can log in without providing a password.
- Any user, connecting as root, can read or write any data in your cluster.
- There is no network encryption nor authentication, and thus no confidentiality.

Check out how to secure your cluster: https://www.cockroachlabs.com/docs/v2.0/secure-a-cluster.html
W181113 03:02:35.205266 1 cli/start.go:812  Using the default setting for --cache (128 MiB).
  A significantly larger value is usually needed for good performance.
  If you have a dedicated server a reasonable setting is --cache=.25 (4.0 GiB).
W181113 03:02:35.205296 1 cli/start.go:825  Using the default setting for --max-sql-memory (128 MiB).
  A significantly larger value is usually needed in production.
  If you have a dedicated server a reasonable setting is --max-sql-memory=.25 (4.0 GiB).
I181113 03:02:35.205304 1 cli/start.go:923  CockroachDB CCL v2.0.5 (x86_64-apple-darwin15.6.0, built 2018/08/13 20:48:49, go1.10.3)
I181113 03:02:35.309999 1 server/config.go:430  system total memory: 16 GiB
I181113 03:02:35.310066 1 server/config.go:432  server configuration:
max offset             500000000
cache size             128 MiB
SQL memory pool size   128 MiB
scan interval          10m0s
scan max idle time     200ms
event log enabled      true
I181113 03:02:35.310095 1 cli/start.go:796  process identity: uid 501 euid 501 gid 20 egid 20
I181113 03:02:35.310114 1 cli/start.go:461  starting cockroach node
I181113 03:02:35.311012 12 storage/engine/rocksdb.go:553  opening rocksdb instance at "/Users/benjaminmangold/HackReactor/sb-Booking/cockroach-data/cockroach-temp141023762"
I181113 03:02:35.321019 12 server/server.go:734  [n?] monitoring forward clock jumps based on server.clock.forward_jump_check_enabled
W181113 03:02:35.353101 12 server/config_unix.go:92  soft open file descriptor limit 10240 is under the recommended limit 15000; this may decrease performance
please see https://www.cockroachlabs.com/docs/v2.0/recommended-production-settings.html for more details
I181113 03:02:35.353149 12 storage/engine/rocksdb.go:553  opening rocksdb instance at "/Users/benjaminmangold/HackReactor/sb-Booking/cockroach-data"
I181113 03:02:35.634418 12 server/config.go:538  [n?] 1 storage engine initialized
I181113 03:02:35.634434 12 server/config.go:541  [n?] RocksDB cache size: 128 MiB
I181113 03:02:35.634442 12 server/config.go:541  [n?] store 0: RocksDB, max size 0 B, max open file limit 9984
I181113 03:02:35.635157 12 server/server.go:784  [n?] Sleeping till wall time 1542078155635129072 to catches up to 1542078155820985929 to ensure monotonicity. Delta: 185.856857ms
W181113 03:02:35.835020 194 storage/replica_range_lease.go:463  can't determine lease status due to node liveness error: node not in the liveness table
W181113 03:02:35.835068 194 storage/store.go:1463  [n1,s1,r7/1:/Table/{SystemCon…-11}] could not gossip system config: [NotLeaseHolderError] r7: replica (n1,s1):1 not lease holder; lease holder unknown
I181113 03:02:35.835461 12 storage/store.go:1371  [n1,s1] [n1,s1]: failed initial metrics computation: [n1,s1]: system config not yet available
I181113 03:02:35.835789 12 server/node.go:509  [n1] initialized store [n1,s1]: disk (capacity=465 GiB, available=27 GiB, used=219 KiB, logicalBytes=1.3 MiB), ranges=20, leases=0, writes=0.00, bytesPerReplica={p10=0.00 p25=0.00 p50=82.00 p75=4913.00 p90=31690.00 pMax=1342858.00}, writesPerReplica={p10=0.00 p25=0.00 p50=0.00 p75=0.00 p90=0.00 pMax=0.00}
I181113 03:02:35.835820 12 server/node.go:347  [n1] node ID 1 initialized
I181113 03:02:35.835930 12 gossip/gossip.go:333  [n1] NodeDescriptor set to node_id:1 address:<network_field:"tcp" address_field:"bmngld.T-mobile.com:26257" > attrs:<> locality:<> ServerVersion:<major_val:2 minor_val:0 patch:0 unstable:0 > 
I181113 03:02:35.836104 12 storage/stores.go:331  [n1] read 0 node addresses from persistent storage
I181113 03:02:35.836219 12 server/node.go:659  [n1] connecting to gossip network to verify cluster ID...
I181113 03:02:35.836236 12 server/node.go:684  [n1] node connected via gossip and verified as part of cluster "9df2cca6-b053-41cb-bd5b-516f4ac9abb6"
I181113 03:02:35.836261 12 server/node.go:443  [n1] node=1: started with [<no-attributes>=/Users/benjaminmangold/HackReactor/sb-Booking/cockroach-data] engine(s) and attributes []
I181113 03:02:35.836400 12 server/server.go:1430  [n1] starting http server at localhost:8080
I181113 03:02:35.836416 12 server/server.go:1431  [n1] starting grpc/postgres server at bmngld.T-mobile.com:26257
I181113 03:02:35.836426 12 server/server.go:1432  [n1] advertising CockroachDB node at bmngld.T-mobile.com:26257
W181113 03:02:35.836446 12 sql/jobs/registry.go:300  [n1] canceling all jobs due to liveness failure
I181113 03:02:35.838218 31 storage/replica_proposal.go:201  [n1,s1,r4/1:/System/{NodeLive…-tsd}] new range lease repl=(n1,s1):1 seq=4 start=1542078155.832019767,0 epo=1 pro=1542078155.837305506,0 following repl=(n1,s1):1 seq=3 start=1542076262.458570536,0 epo=1 pro=1542076272.470574467,0
I181113 03:02:35.839283 33 storage/replica_proposal.go:201  [n1,s1,r4/1:/System/{NodeLive…-tsd}] new range lease repl=(n1,s1):1 seq=5 start=1542078155.832019767,0 epo=2 pro=1542078155.838375514,0 following repl=(n1,s1):1 seq=4 start=1542078155.832019767,0 epo=1 pro=1542078155.837305506,0
I181113 03:02:35.839737 12 server/server.go:1512  [n1] done ensuring all necessary migrations have run
I181113 03:02:35.839751 12 server/server.go:1515  [n1] serving sql connections
I181113 03:02:35.839818 12 cli/start.go:595  [config] clusterID: 9df2cca6-b053-41cb-bd5b-516f4ac9abb6
I181113 03:02:35.839839 12 cli/start.go:603  node startup completed:
CockroachDB node starting at 2018-11-13 03:02:35.839776037 +0000 UTC (took 0.6s)
build:               CCL v2.0.5 @ 2018/08/13 20:48:49 (go1.10.3)
admin:               http://localhost:8080
sql:                 postgresql://root@bmngld.T-mobile.com:26257?sslmode=disable
logs:                /Users/benjaminmangold/HackReactor/sb-Booking/cockroach-data/logs
temp dir:            /Users/benjaminmangold/HackReactor/sb-Booking/cockroach-data/cockroach-temp141023762
external I/O path:   /Users/benjaminmangold/HackReactor/sb-Booking/cockroach-data/extern
store[0]:            path=/Users/benjaminmangold/HackReactor/sb-Booking/cockroach-data
status:              restarted pre-existing node
clusterID:           9df2cca6-b053-41cb-bd5b-516f4ac9abb6
nodeID:              1
I181113 03:02:35.840329 132 storage/replica_proposal.go:201  [n1,s1,r5/1:/System/ts{d-e}] new range lease repl=(n1,s1):1 seq=4 start=1542078155.832263227,0 epo=2 pro=1542078155.839194412,0 following repl=(n1,s1):1 seq=3 start=1542076262.458570536,0 epo=1 pro=1542076272.471006846,0
I181113 03:02:35.841714 134 storage/replica_proposal.go:201  [n1,s1,r7/1:/Table/{SystemCon…-11}] new range lease repl=(n1,s1):1 seq=4 start=1542078155.832619613,0 epo=2 pro=1542078155.840463235,0 following repl=(n1,s1):1 seq=3 start=1542076262.458570536,0 epo=1 pro=1542076272.468761145,0
I181113 03:02:35.844340 159 storage/replica_proposal.go:201  [n1,s1,r9/1:/Table/1{2-3}] new range lease repl=(n1,s1):1 seq=4 start=1542078155.832956945,0 epo=2 pro=1542078155.843087236,0 following repl=(n1,s1):1 seq=3 start=1542076262.458570536,0 epo=1 pro=1542076272.466227924,0
I181113 03:02:35.846078 237 sql/event_log.go:121  [n1] Event: "node_restart", target: 1, info: {Descriptor:{NodeID:1 Address:{NetworkField:tcp AddressField:bmngld.T-mobile.com:26257} Attrs: Locality: ServerVersion:2.0} ClusterID:9df2cca6-b053-41cb-bd5b-516f4ac9abb6 StartedAt:1542078155836238578 LastUp:1542076887919873106}
I181113 03:02:36.042727 153 storage/replica_proposal.go:201  [n1,s1,r16/1:/Table/{19-20}] new range lease repl=(n1,s1):1 seq=4 start=1542078155.834033481,0 epo=2 pro=1542078156.040461539,0 following repl=(n1,s1):1 seq=3 start=1542076262.458570536,0 epo=1 pro=1542076272.471482017,0
I181113 03:02:37.462448 157 storage/replica_proposal.go:201  [n1,s1,r12/1:/Table/1{5-6}] new range lease repl=(n1,s1):1 seq=4 start=1542078155.833428091,0 epo=2 pro=1542078157.460108229,0 following repl=(n1,s1):1 seq=3 start=1542076262.458570536,0 epo=1 pro=1542076272.472790805,0
I181113 03:02:37.665721 186 storage/replica_proposal.go:201  [n1,s1,r8/1:/Table/1{1-2}] new range lease repl=(n1,s1):1 seq=4 start=1542078155.832789814,0 epo=2 pro=1542078157.663415692,0 following repl=(n1,s1):1 seq=3 start=1542076262.458570536,0 epo=1 pro=1542076272.466813166,0
I181113 03:02:38.077087 179 storage/replica_proposal.go:201  [n1,s1,r15/1:/Table/1{8-9}] new range lease repl=(n1,s1):1 seq=4 start=1542078155.833884699,0 epo=2 pro=1542078158.074764148,0 following repl=(n1,s1):1 seq=3 start=1542076262.458570536,0 epo=1 pro=1542076272.467327102,0
I181113 03:02:38.277165 181 storage/replica_proposal.go:201  [n1,s1,r10/1:/Table/1{3-4}] new range lease repl=(n1,s1):1 seq=4 start=1542078155.833129357,0 epo=2 pro=1542078158.275349349,0 following repl=(n1,s1):1 seq=3 start=1542076262.458570536,0 epo=1 pro=1542076272.467826927,0
I181113 03:02:38.482932 183 storage/replica_proposal.go:201  [n1,s1,r18/1:/Table/2{1-2}] new range lease repl=(n1,s1):1 seq=4 start=1542078155.834336730,0 epo=2 pro=1542078158.480664484,0 following repl=(n1,s1):1 seq=3 start=1542076262.458570536,0 epo=1 pro=1542076272.471887252,0
I181113 03:02:38.688632 185 storage/replica_proposal.go:201  [n1,s1,r20/1:/{Table/23-Max}] new range lease repl=(n1,s1):1 seq=4 start=1542078155.834634057,0 epo=2 pro=1542078158.686270639,0 following repl=(n1,s1):1 seq=3 start=1542076262.458570536,0 epo=1 pro=1542076272.473733599,0
I181113 03:02:38.893676 165 storage/replica_proposal.go:201  [n1,s1,r14/1:/Table/1{7-8}] new range lease repl=(n1,s1):1 seq=4 start=1542078155.833737758,0 epo=2 pro=1542078158.891428383,0 following repl=(n1,s1):1 seq=3 start=1542076262.458570536,0 epo=1 pro=1542076272.468347757,0
I181113 03:02:39.098039 188 storage/replica_proposal.go:201  [n1,s1,r11/1:/Table/1{4-5}] new range lease repl=(n1,s1):1 seq=4 start=1542078155.833280186,0 epo=2 pro=1542078159.095809191,0 following repl=(n1,s1):1 seq=3 start=1542076262.458570536,0 epo=1 pro=1542076272.469293512,0
I181113 03:02:39.301907 140 storage/replica_proposal.go:201  [n1,s1,r6/1:/{System/tse-Table/System…}] new range lease repl=(n1,s1):1 seq=4 start=1542078155.832453069,0 epo=2 pro=1542078159.300229239,0 following repl=(n1,s1):1 seq=3 start=1542076262.458570536,0 epo=1 pro=1542076272.463811195,0
I181113 03:02:39.504423 32 storage/replica_proposal.go:201  [n1,s1,r17/1:/Table/2{0-1}] new range lease repl=(n1,s1):1 seq=4 start=1542078155.834184128,0 epo=2 pro=1542078159.502160651,0 following repl=(n1,s1):1 seq=3 start=1542076262.458570536,0 epo=1 pro=1542076272.470058785,0
I181113 03:02:39.708327 132 storage/replica_proposal.go:201  [n1,s1,r13/1:/Table/1{6-7}] new range lease repl=(n1,s1):1 seq=4 start=1542078155.833586821,0 epo=2 pro=1542078159.706061708,0 following repl=(n1,s1):1 seq=3 start=1542076262.458570536,0 epo=1 pro=1542076272.469694263,0
I181113 03:02:39.910577 136 storage/replica_proposal.go:201  [n1,s1,r19/1:/Table/2{2-3}] new range lease repl=(n1,s1):1 seq=4 start=1542078155.834487156,0 epo=2 pro=1542078159.908789543,0 following repl=(n1,s1):1 seq=3 start=1542076262.458570536,0 epo=1 pro=1542076272.473248275,0
W181113 03:02:45.839314 231 server/status/runtime.go:182  [n1] unable to get file descriptor usage (will not try again): not implemented on darwin
I181113 03:02:45.839579 231 server/status/runtime.go:219  [n1] runtime stats: 50 MiB RSS, 147 goroutines, 75 MiB/3.7 MiB/91 MiB GO alloc/idle/total, 16 MiB/22 MiB CGO alloc/total, 0.00cgo/sec, 0.00/0.00 %(u/s)time, 0.00 %gc (8x)
I181113 03:02:45.840117 227 storage/store.go:4523  [n1,s1] sstables (read amplification = 1):
0 [ 149K 1 ]: 149K
I181113 03:02:45.840291 227 storage/store.go:4524  [n1,s1] 
** Compaction Stats [default] **
Level    Files   Size     Score Read(GB)  Rn(GB) Rnp1(GB) Write(GB) Wnew(GB) Moved(GB) W-Amp Rd(MB/s) Wr(MB/s) Comp(sec) Comp(cnt) Avg(sec) KeyIn KeyDrop
----------------------------------------------------------------------------------------------------------------------------------------------------------
  L0      1/0   149.42 KB   0.5      0.0     0.0      0.0       0.0      0.0       0.0   1.9      0.7      1.3         0         2    0.121    2297    842
 Sum      1/0   149.42 KB   0.0      0.0     0.0      0.0       0.0      0.0       0.0   1.9      0.7      1.3         0         2    0.121    2297    842
 Int      0/0    0.00 KB   0.0      0.0     0.0      0.0       0.0      0.0       0.0   1.9      0.7      1.3         0         2    0.121    2297    842
Uptime(secs): 10.5 total, 10.5 interval
Flush(GB): cumulative 0.000, interval 0.000
AddFile(GB): cumulative 0.000, interval 0.000
AddFile(Total Files): cumulative 0, interval 0
AddFile(L0 Files): cumulative 0, interval 0
AddFile(Keys): cumulative 0, interval 0
Cumulative compaction: 0.00 GB write, 0.03 MB/s write, 0.00 GB read, 0.02 MB/s read, 0.2 seconds
Interval compaction: 0.00 GB write, 0.03 MB/s write, 0.00 GB read, 0.02 MB/s read, 0.2 seconds
Stalls(count): 0 level0_slowdown, 0 level0_slowdown_with_compaction, 0 level0_numfiles, 0 level0_numfiles_with_compaction, 0 stop for pending_compaction_bytes, 0 slowdown for pending_compaction_bytes, 0 memtable_compaction, 0 memtable_slowdown, interval 0 total count

estimated_pending_compaction_bytes: 0 B
I181113 03:02:55.835633 231 server/status/runtime.go:219  [n1] runtime stats: 54 MiB RSS, 147 goroutines, 81 MiB/1016 KiB/94 MiB GO alloc/idle/total, 16 MiB/22 MiB CGO alloc/total, 64.62cgo/sec, 0.00/0.00 %(u/s)time, 0.00 %gc (0x)
I181113 03:03:05.834761 231 server/status/runtime.go:219  [n1] runtime stats: 58 MiB RSS, 147 goroutines, 86 MiB/728 KiB/99 MiB GO alloc/idle/total, 17 MiB/22 MiB CGO alloc/total, 54.81cgo/sec, 0.00/0.00 %(u/s)time, 0.00 %gc (0x)
I181113 03:03:15.835439 231 server/status/runtime.go:219  [n1] runtime stats: 64 MiB RSS, 147 goroutines, 92 MiB/352 KiB/104 MiB GO alloc/idle/total, 17 MiB/22 MiB CGO alloc/total, 65.19cgo/sec, 0.00/0.00 %(u/s)time, 0.00 %gc (0x)
I181113 03:03:25.833155 231 server/status/runtime.go:219  [n1] runtime stats: 68 MiB RSS, 147 goroutines, 97 MiB/664 KiB/110 MiB GO alloc/idle/total, 17 MiB/22 MiB CGO alloc/total, 56.01cgo/sec, 0.00/0.00 %(u/s)time, 0.00 %gc (0x)
I181113 03:03:35.835843 228 gossip/gossip.go:488  [n1] gossip status (ok, 1 node)
gossip client (0/3 cur/max conns)
gossip server (0/3 cur/max conns, infos 0/0 sent/received, bytes 0B/0B sent/received)
I181113 03:03:35.835995 231 server/status/runtime.go:219  [n1] runtime stats: 73 MiB RSS, 147 goroutines, 103 MiB/304 KiB/115 MiB GO alloc/idle/total, 17 MiB/23 MiB CGO alloc/total, 55.38cgo/sec, 0.00/0.00 %(u/s)time, 0.00 %gc (0x)
I181113 03:03:45.835662 231 server/status/runtime.go:219  [n1] runtime stats: 78 MiB RSS, 147 goroutines, 108 MiB/456 KiB/122 MiB GO alloc/idle/total, 17 MiB/23 MiB CGO alloc/total, 59.80cgo/sec, 0.00/0.00 %(u/s)time, 0.00 %gc (0x)
I181113 03:03:55.830761 231 server/status/runtime.go:219  [n1] runtime stats: 82 MiB RSS, 147 goroutines, 75 MiB/38 MiB/127 MiB GO alloc/idle/total, 17 MiB/23 MiB CGO alloc/total, 58.63cgo/sec, 0.01/0.00 %(u/s)time, 0.00 %gc (1x)
I181113 03:04:05.831748 231 server/status/runtime.go:219  [n1] runtime stats: 82 MiB RSS, 147 goroutines, 80 MiB/33 MiB/127 MiB GO alloc/idle/total, 17 MiB/23 MiB CGO alloc/total, 51.60cgo/sec, 0.00/0.00 %(u/s)time, 0.00 %gc (0x)
I181113 03:04:15.831616 231 server/status/runtime.go:219  [n1] runtime stats: 83 MiB RSS, 147 goroutines, 86 MiB/28 MiB/127 MiB GO alloc/idle/total, 17 MiB/23 MiB CGO alloc/total, 62.40cgo/sec, 0.00/0.00 %(u/s)time, 0.00 %gc (0x)
I181113 03:04:25.832064 231 server/status/runtime.go:219  [n1] runtime stats: 85 MiB RSS, 147 goroutines, 91 MiB/23 MiB/127 MiB GO alloc/idle/total, 17 MiB/23 MiB CGO alloc/total, 55.40cgo/sec, 0.00/0.00 %(u/s)time, 0.00 %gc (0x)
I181113 03:04:35.830556 228 gossip/gossip.go:488  [n1] gossip status (ok, 1 node)
gossip client (0/3 cur/max conns)
gossip server (0/3 cur/max conns, infos 0/0 sent/received, bytes 0B/0B sent/received)
I181113 03:04:35.830760 231 server/status/runtime.go:219  [n1] runtime stats: 86 MiB RSS, 147 goroutines, 96 MiB/18 MiB/127 MiB GO alloc/idle/total, 17 MiB/23 MiB CGO alloc/total, 59.21cgo/sec, 0.00/0.00 %(u/s)time, 0.00 %gc (0x)
I181113 03:04:45.830714 231 server/status/runtime.go:219  [n1] runtime stats: 89 MiB RSS, 147 goroutines, 102 MiB/12 MiB/127 MiB GO alloc/idle/total, 17 MiB/23 MiB CGO alloc/total, 62.90cgo/sec, 0.00/0.00 %(u/s)time, 0.00 %gc (0x)
I181113 03:04:55.825744 231 server/status/runtime.go:219  [n1] runtime stats: 90 MiB RSS, 147 goroutines, 107 MiB/6.6 MiB/127 MiB GO alloc/idle/total, 17 MiB/24 MiB CGO alloc/total, 59.33cgo/sec, 0.00/0.00 %(u/s)time, 0.00 %gc (0x)
I181113 03:05:05.828770 231 server/status/runtime.go:219  [n1] runtime stats: 92 MiB RSS, 147 goroutines, 113 MiB/1.1 MiB/127 MiB GO alloc/idle/total, 17 MiB/24 MiB CGO alloc/total, 52.98cgo/sec, 0.00/0.00 %(u/s)time, 0.00 %gc (0x)
I181113 03:05:15.826104 231 server/status/runtime.go:219  [n1] runtime stats: 96 MiB RSS, 147 goroutines, 118 MiB/840 KiB/132 MiB GO alloc/idle/total, 17 MiB/24 MiB CGO alloc/total, 60.62cgo/sec, 0.00/0.00 %(u/s)time, 0.00 %gc (0x)
I181113 03:05:25.824210 231 server/status/runtime.go:219  [n1] runtime stats: 100 MiB RSS, 147 goroutines, 123 MiB/376 KiB/137 MiB GO alloc/idle/total, 17 MiB/24 MiB CGO alloc/total, 54.81cgo/sec, 0.00/0.00 %(u/s)time, 0.00 %gc (0x)
I181113 03:05:35.822925 231 server/status/runtime.go:219  [n1] runtime stats: 104 MiB RSS, 148 goroutines, 129 MiB/936 KiB/144 MiB GO alloc/idle/total, 17 MiB/24 MiB CGO alloc/total, 55.41cgo/sec, 0.00/0.00 %(u/s)time, 0.00 %gc (0x)
I181113 03:05:35.826673 228 gossip/gossip.go:488  [n1] gossip status (ok, 1 node)
gossip client (0/3 cur/max conns)
gossip server (0/3 cur/max conns, infos 0/0 sent/received, bytes 0B/0B sent/received)
I181113 03:05:45.826725 231 server/status/runtime.go:219  [n1] runtime stats: 106 MiB RSS, 147 goroutines, 77 MiB/54 MiB/146 MiB GO alloc/idle/total, 17 MiB/24 MiB CGO alloc/total, 65.08cgo/sec, 0.01/0.00 %(u/s)time, 0.00 %gc (1x)
I181113 03:05:55.824304 231 server/status/runtime.go:219  [n1] runtime stats: 107 MiB RSS, 147 goroutines, 82 MiB/49 MiB/146 MiB GO alloc/idle/total, 17 MiB/24 MiB CGO alloc/total, 58.71cgo/sec, 0.00/0.00 %(u/s)time, 0.00 %gc (0x)
I181113 03:06:05.823947 231 server/status/runtime.go:219  [n1] runtime stats: 107 MiB RSS, 147 goroutines, 88 MiB/44 MiB/146 MiB GO alloc/idle/total, 17 MiB/24 MiB CGO alloc/total, 52.10cgo/sec, 0.00/0.00 %(u/s)time, 0.00 %gc (0x)
I181113 03:06:15.821143 231 server/status/runtime.go:219  [n1] runtime stats: 108 MiB RSS, 147 goroutines, 93 MiB/39 MiB/146 MiB GO alloc/idle/total, 17 MiB/24 MiB CGO alloc/total, 57.72cgo/sec, 0.00/0.00 %(u/s)time, 0.00 %gc (0x)
I181113 03:06:25.820449 231 server/status/runtime.go:219  [n1] runtime stats: 108 MiB RSS, 147 goroutines, 98 MiB/33 MiB/146 MiB GO alloc/idle/total, 17 MiB/24 MiB CGO alloc/total, 56.00cgo/sec, 0.00/0.00 %(u/s)time, 0.00 %gc (0x)
I181113 03:06:27.442249 1 cli/start.go:655  received signal 'interrupt'
I181113 03:06:27.442480 1 cli/start.go:720  initiating graceful shutdown of server
I181113 03:06:32.444707 449 cli/start.go:730  0 running tasks
I181113 03:06:32.447854 448 storage/engine/rocksdb.go:687  closing rocksdb instance at "/Users/benjaminmangold/HackReactor/sb-Booking/cockroach-data/cockroach-temp141023762"
I181113 03:06:32.448802 448 storage/engine/rocksdb.go:687  closing rocksdb instance at "/Users/benjaminmangold/HackReactor/sb-Booking/cockroach-data"
I181113 03:06:32.449680 1 cli/start.go:774  server drained and shutdown completed
I181113 03:06:32.449916 1 cli/error.go:112  interrupted
Error: interrupted
